0 info it worked if it ends with ok
1 verbose cli [ '/usr/bin/nodejs', '/usr/bin/npm', 'run', 'livereload' ]
2 info using npm@2.15.5
3 info using node@v4.4.5
4 verbose run-script [ 'prelivereload', 'livereload', 'postlivereload' ]
5 info prelivereload static@1.0.0
6 info livereload static@1.0.0
7 verbose unsafe-perm in lifecycle true
8 info static@1.0.0 Failed to exec livereload script
9 verbose stack Error: static@1.0.0 livereload: `live-reload --port 9091 .`
9 verbose stack Exit status 1
9 verbose stack     at EventEmitter.<anonymous> (/usr/lib/node_modules/npm/lib/utils/lifecycle.js:217:16)
9 verbose stack     at emitTwo (events.js:87:13)
9 verbose stack     at EventEmitter.emit (events.js:172:7)
9 verbose stack     at ChildProcess.<anonymous> (/usr/lib/node_modules/npm/lib/utils/spawn.js:24:14)
9 verbose stack     at emitTwo (events.js:87:13)
9 verbose stack     at ChildProcess.emit (events.js:172:7)
9 verbose stack     at maybeClose (internal/child_process.js:827:16)
9 verbose stack     at Process.ChildProcess._handle.onexit (internal/child_process.js:211:5)
10 verbose pkgid static@1.0.0
11 verbose cwd /home/damien/intellijidea_projects/angular_spring_project/angular_ui/static
12 error Linux 3.16.0-30-generic
13 error argv "/usr/bin/nodejs" "/usr/bin/npm" "run" "livereload"
14 error node v4.4.5
15 error npm  v2.15.5
16 error code ELIFECYCLE
17 error static@1.0.0 livereload: `live-reload --port 9091 .`
17 error Exit status 1
18 error Failed at the static@1.0.0 livereload script 'live-reload --port 9091 .'.
18 error This is most likely a problem with the static package,
18 error not with npm itself.
18 error Tell the author that this fails on your system:
18 error     live-reload --port 9091 .
18 error You can get information on how to open an issue for this project with:
18 error     npm bugs static
18 error Or if that isn't available, you can get their info via:
18 error
18 error     npm owner ls static
18 error There is likely additional logging output above.
19 verbose exit [ 1, true ]
